# CVS-Stand 7.9.2002
# Liste evtl. noch nicht ganz komplett


#Dirs die erzeugt werden müssen
[dir]
bin
dev 
lib
proc
sbin 
share
share/tuxbox
tmp
var
var/tuxbox
var/tuxbox/config
var/tuxbox/ucodes

#komplett zu kopierende Dirs
[dircopy]
lib/modules
var/tuxbox/config/enigma
var/tuxbox/config/tuxtxt
etc
share/tuxbox/enigma
share/fonts
[files]


#
# /bin (das meiste hier sind eh symlinks auf busybox/tinylogin)
#
bin/[
bin/addgroup
bin/adduser
bin/ash
bin/busybox
bin/camd
bin/cat
bin/chgrp
bin/chmod
bin/chown
bin/clear
bin/cp
bin/date
bin/dd
bin/delgroup
bin/deluser
bin/df
bin/dmesg
bin/du
bin/dvbnet
bin/dvbsnoop
bin/dvbtune
bin/echo
bin/enigma
bin/env
bin/false
bin/find
bin/grep
bin/gunzip
bin/gzip
bin/hostname
bin/kill
bin/killall
bin/ldd
bin/ln
bin/login
bin/ls
bin/mkdir
bin/mknod
bin/more
bin/mount
bin/mv
bin/nslookup
bin/passwd
bin/pidof
bin/ping
bin/pwd
bin/reset
bin/rm
bin/rmdir
bin/satfind
bin/sed
bin/sh
bin/sleep
bin/sort
bin/strace
bin/su
bin/switch
bin/sync
bin/tail
bin/tar
bin/test
bin/tinylogin
bin/touch
bin/true
bin/tty
bin/umount
bin/uname
bin/uniq
bin/uptime
bin/vi
bin/wc
bin/wget
bin/which
bin/whoami
bin/xargs
bin/yes
bin/zcat


#
# /lib (alles fuer enigma + ftp/telnet)
# mit "ldd" überprüft
#
lib/ld-2.2.5.so
lib/ld.so.1
lib/libc-2.2.5.so
lib/libc.so
lib/libc.so.6
lib/libcrypt-2.2.5.so
lib/libcrypt.so
lib/libcrypt.so.1
lib/libdl-2.2.5.so
lib/libdl.so
lib/libdl.so.2
lib/libenigma_base.so
lib/libenigma_base.so.0
lib/libenigma_base.so.0.0.0
lib/libenigma_codecs.so
lib/libenigma_codecs.so.0
lib/libenigma_codecs.so.0.0.0
lib/libenigma_driver.so
lib/libenigma_driver.so.0
lib/libenigma_driver.so.0.0.0
lib/libenigma_dvb.so
lib/libenigma_dvb.so.0
lib/libenigma_dvb.so.0.0.0
lib/libenigma_dvb_lowlevel.so
lib/libenigma_dvb_lowlevel.so.0
lib/libenigma_dvb_lowlevel.so.0.0.0
lib/libenigma_gdi.so
lib/libenigma_gdi.so.0
lib/libenigma_gdi.so.0.0.0
lib/libenigma_gui.so
lib/libenigma_gui.so.0
lib/libenigma_gui.so.0.0.0
lib/libenigma_socket.so
lib/libenigma_socket.so.0
lib/libenigma_socket.so.0.0.0
lib/libenigma_system.so
lib/libenigma_system.so.0
lib/libenigma_system.so.0.0.0
lib/libfreetype.so
lib/libfreetype.so.6
lib/libfreetype.so.6.3.0
lib/libgcc_s.so
lib/libgcc_s.so.1
lib/libgcc_s_nof.so
lib/libgcc_s_nof.so.1
lib/libid3tag.so
lib/libid3tag.so.0
lib/libid3tag.so.0.1.0
lib/libm-2.2.5.so
lib/libm.so
lib/libm.so.6
lib/libmad.so
lib/libmad.so.0
lib/libmad.so.0.1.0
lib/libmd5sum.so
lib/libmd5sum.so.0
lib/libmd5sum.so.0.0.0
lib/libpng12.so
lib/libpng12.so.0
lib/libpng12.so.0.1.2.5
lib/libpthread-0.9.so
lib/libpthread.so
lib/libpthread.so.0
lib/libresolv-2.2.5.so
lib/libresolv.so
lib/libresolv.so.2
lib/libsigc-1.1.so
lib/libsigc-1.1.so.5
lib/libsigc-1.1.so.5.0.1
lib/libstdc++.so
lib/libstdc++.so.5
lib/libstdc++.so.5.0.0
lib/libutil-2.2.5.so
lib/libutil.so
lib/libutil.so.1
lib/libxmltree.so
lib/libxmltree.so.0
lib/libxmltree.so.0.0.0
lib/libz.so
lib/libz.so.1
lib/libz.so.1.1.4

#
# /sbin (muss auch noch aufgeräumt werden)
#
sbin/depmod
sbin/genksyms
sbin/halt
sbin/htpasswd
sbin/iconvconfig
sbin/ifconfig
sbin/ifdown
sbin/ifup
sbin/in.ftpd
sbin/in.telnetd
sbin/inetd
sbin/init
sbin/insmod
sbin/insmod_ksymoops_clean
sbin/kallsyms
sbin/kernelversion
sbin/klogd
sbin/ksyms
sbin/ldconfig
sbin/lsmod
sbin/makeweb
sbin/modinfo
sbin/modprobe
sbin/nscd
sbin/nscd_nischeck
sbin/poweroff
sbin/reboot
sbin/rmmod
sbin/route
sbin/rpcinfo
sbin/sln
sbin/streampes
sbin/streamsec
sbin/streamts
sbin/syslogd
sbin/syslogtocern
sbin/tcpdump
sbin/zdump
sbin/zic


[strip]
sbin/*
bin/*
lib/*

[link]
var/tmp tmp
var/ucodes var/tuxbox/ucodes

[exec]
cp ucodes/* $RELEASEDIR/var/tuxbox/ucodes
cp -r boot $RELEASEDIR/var/tuxbox
cp vmlinuz $RELEASEDIR
